Microsoft (R) Macro Assembler Version 6.14.8444		    12/01/25 17:06:16
AddSub.asm						     Page 1 - 1


				.686
				.MODEL flat, stdcall
				.STACK 4096

				ExitProcess PROTO :DWORD

 00000000			.CODE
 00000000			main PROC

 00000000  B8 00010000		    mov eax,10000h
 00000005  05 00040000		    add eax,40000h
 0000000A  2D 00020000		    sub eax,20000h

 0000000F  6A 00		    push 0
 00000011  E8 00000000 E	    call ExitProcess

 00000016			main ENDP
				END main
Microsoft (R) Macro Assembler Version 6.14.8444		    12/01/25 17:06:16
AddSub.asm						     Symbols 2 - 1




Segments and Groups:

                N a m e                 Size     Length   Align   Combine Class

FLAT . . . . . . . . . . . . . .	GROUP
STACK  . . . . . . . . . . . . .	32 Bit	 00001000 Para	  Stack	  'STACK'	 
_DATA  . . . . . . . . . . . . .	32 Bit	 00000000 Para	  Public  'DATA'	
_TEXT  . . . . . . . . . . . . .	32 Bit	 00000016 Para	  Public  'CODE'	


Procedures,  parameters and locals:

                N a m e                 Type     Value    Attr

ExitProcess  . . . . . . . . . .	P Near	 00000000 FLAT	Length= 00000000 External STDCALL
main . . . . . . . . . . . . . .	P Near	 00000000 _TEXT	Length= 00000016 Public STDCALL


Symbols:

                N a m e                 Type     Value    Attr

@CodeSize  . . . . . . . . . . .	Number	 00000000h   
@DataSize  . . . . . . . . . . .	Number	 00000000h   
@Interface . . . . . . . . . . .	Number	 00000003h   
@Model . . . . . . . . . . . . .	Number	 00000007h   
@code  . . . . . . . . . . . . .	Text   	 _TEXT
@data  . . . . . . . . . . . . .	Text   	 FLAT
@fardata?  . . . . . . . . . . .	Text   	 FLAT
@fardata . . . . . . . . . . . .	Text   	 FLAT
@stack . . . . . . . . . . . . .	Text   	 FLAT

	   0 Warnings
	   0 Errors
